[debug] [2023-06-28T10:48:53.234Z] ----------------------------------------------------------------------
[debug] [2023-06-28T10:48:53.236Z] Command:       C:\Program Files\nodejs\node.exe C:\Users\Povilas\AppData\Roaming\npm\node_modules\firebase-tools\lib\bin\firebase.js deploy
[debug] [2023-06-28T10:48:53.237Z] CLI Version:   12.4.0
[debug] [2023-06-28T10:48:53.237Z] Platform:      win32
[debug] [2023-06-28T10:48:53.238Z] Node Version:  v18.16.0
[debug] [2023-06-28T10:48:53.239Z] Time:          Wed Jun 28 2023 12:48:53 GMT+0200 (Central European Summer Time)
[debug] [2023-06-28T10:48:53.239Z] ----------------------------------------------------------------------
[debug] 
[debug] [2023-06-28T10:48:53.364Z] > command requires scopes: ["email","openid","https://www.googleapis.com/auth/cloudplatformprojects.readonly","https://www.googleapis.com/auth/firebase","https://www.googleapis.com/auth/cloud-platform"]
[debug] [2023-06-28T10:48:53.365Z] > authorizing via signed-in user (intolifysimulator@gmail.com)
[debug] [2023-06-28T10:48:53.365Z] [iam] checking project verslo-projektas-2 for permissions ["firebase.projects.get","firebasehosting.sites.update"]
[debug] [2023-06-28T10:48:53.370Z] >>> [apiv2][query] POST https://cloudresourcemanager.googleapis.com/v1/projects/verslo-projektas-2:testIamPermissions [none]
[debug] [2023-06-28T10:48:53.370Z] >>> [apiv2][(partial)header] POST https://cloudresourcemanager.googleapis.com/v1/projects/verslo-projektas-2:testIamPermissions x-goog-quota-user=projects/verslo-projektas-2
[debug] [2023-06-28T10:48:53.371Z] >>> [apiv2][body] POST https://cloudresourcemanager.googleapis.com/v1/projects/verslo-projektas-2:testIamPermissions {"permissions":["firebase.projects.get","firebasehosting.sites.update"]}
[debug] [2023-06-28T10:48:57.296Z] <<< [apiv2][status] POST https://cloudresourcemanager.googleapis.com/v1/projects/verslo-projektas-2:testIamPermissions 200
[debug] [2023-06-28T10:48:57.297Z] <<< [apiv2][body] POST https://cloudresourcemanager.googleapis.com/v1/projects/verslo-projektas-2:testIamPermissions {"permissions":["firebase.projects.get","firebasehosting.sites.update"]}
[debug] [2023-06-28T10:48:57.300Z] >>> [apiv2][query] GET https://firebase.googleapis.com/v1beta1/projects/verslo-projektas-2 [none]
[debug] [2023-06-28T10:48:57.613Z] <<< [apiv2][status] GET https://firebase.googleapis.com/v1beta1/projects/verslo-projektas-2 200
[debug] [2023-06-28T10:48:57.614Z] <<< [apiv2][body] GET https://firebase.googleapis.com/v1beta1/projects/verslo-projektas-2 {"projectId":"verslo-projektas-2","projectNumber":"1050051269706","displayName":"verslo-projektas-2","name":"projects/verslo-projektas-2","resources":{"hostingSite":"verslo-projektas-2"},"state":"ACTIVE","etag":"1_37ec931f-c673-426c-b792-483d734d3ecd"}
[info] 
   Thank you for trying our early preview of Next.js support on Firebase Hosting.
   During the preview, support is best-effort and breaking changes can be expected. Proceed with caution.

   Documentation: https://firebase.google.com/docs/hosting/frameworks/nextjs
   File a bug: https://github.com/firebase/firebase-tools/issues/new?template=bug_report.md
   Submit a feature request: https://github.com/firebase/firebase-tools/issues/new?template=feature_request.md

   We'd love to learn from you. Express your interest in helping us shape the future of Firebase Hosting: https://goo.gle/41enW5X

[debug] [2023-06-28T10:49:50.891Z] Error: Unable to find the next dep, try NPM installing?
    at getConfig (C:\Users\Povilas\AppData\Roaming\npm\node_modules\firebase-tools\lib\frameworks\next\index.js:382:19)
    at build (C:\Users\Povilas\AppData\Roaming\npm\node_modules\firebase-tools\lib\frameworks\next\index.js:62:65)
    at process.processTicksAndRejections (node:internal/process/task_queues:95:5)
    at async prepareFrameworks (C:\Users\Povilas\AppData\Roaming\npm\node_modules\firebase-tools\lib\frameworks\index.js:211:33)
    at async deploy (C:\Users\Povilas\AppData\Roaming\npm\node_modules\firebase-tools\lib\deploy\index.js:55:13)
[error] 
[error] Error: An unexpected error has occurred.
[debug] [2023-06-28T10:52:33.250Z] ----------------------------------------------------------------------
[debug] [2023-06-28T10:52:33.253Z] Command:       C:\Program Files\nodejs\node.exe C:\Users\Povilas\AppData\Roaming\npm\node_modules\firebase-tools\lib\bin\firebase.js deploy
[debug] [2023-06-28T10:52:33.254Z] CLI Version:   12.4.1
[debug] [2023-06-28T10:52:33.254Z] Platform:      win32
[debug] [2023-06-28T10:52:33.255Z] Node Version:  v18.16.0
[debug] [2023-06-28T10:52:33.256Z] Time:          Wed Jun 28 2023 12:52:33 GMT+0200 (Central European Summer Time)
[debug] [2023-06-28T10:52:33.256Z] ----------------------------------------------------------------------
[debug] 
[debug] [2023-06-28T10:52:33.370Z] > command requires scopes: ["email","openid","https://www.googleapis.com/auth/cloudplatformprojects.readonly","https://www.googleapis.com/auth/firebase","https://www.googleapis.com/auth/cloud-platform"]
[debug] [2023-06-28T10:52:33.371Z] > authorizing via signed-in user (intolifysimulator@gmail.com)
[debug] [2023-06-28T10:52:33.371Z] [iam] checking project verslo-projektas-2 for permissions ["firebase.projects.get","firebasehosting.sites.update"]
[debug] [2023-06-28T10:52:33.375Z] >>> [apiv2][query] POST https://cloudresourcemanager.googleapis.com/v1/projects/verslo-projektas-2:testIamPermissions [none]
[debug] [2023-06-28T10:52:33.375Z] >>> [apiv2][(partial)header] POST https://cloudresourcemanager.googleapis.com/v1/projects/verslo-projektas-2:testIamPermissions x-goog-quota-user=projects/verslo-projektas-2
[debug] [2023-06-28T10:52:33.375Z] >>> [apiv2][body] POST https://cloudresourcemanager.googleapis.com/v1/projects/verslo-projektas-2:testIamPermissions {"permissions":["firebase.projects.get","firebasehosting.sites.update"]}
[debug] [2023-06-28T10:52:36.734Z] <<< [apiv2][status] POST https://cloudresourcemanager.googleapis.com/v1/projects/verslo-projektas-2:testIamPermissions 200
[debug] [2023-06-28T10:52:36.735Z] <<< [apiv2][body] POST https://cloudresourcemanager.googleapis.com/v1/projects/verslo-projektas-2:testIamPermissions {"permissions":["firebase.projects.get","firebasehosting.sites.update"]}
[debug] [2023-06-28T10:52:36.738Z] >>> [apiv2][query] GET https://firebase.googleapis.com/v1beta1/projects/verslo-projektas-2 [none]
[debug] [2023-06-28T10:52:39.995Z] <<< [apiv2][status] GET https://firebase.googleapis.com/v1beta1/projects/verslo-projektas-2 200
[debug] [2023-06-28T10:52:39.995Z] <<< [apiv2][body] GET https://firebase.googleapis.com/v1beta1/projects/verslo-projektas-2 {"projectId":"verslo-projektas-2","projectNumber":"1050051269706","displayName":"verslo-projektas-2","name":"projects/verslo-projektas-2","resources":{"hostingSite":"verslo-projektas-2"},"state":"ACTIVE","etag":"1_37ec931f-c673-426c-b792-483d734d3ecd"}
[info] 
   Thank you for trying our early preview of Next.js support on Firebase Hosting.
   During the preview, support is best-effort and breaking changes can be expected. Proceed with caution.

   Documentation: https://firebase.google.com/docs/hosting/frameworks/nextjs
   File a bug: https://github.com/firebase/firebase-tools/issues/new?template=bug_report.md
   Submit a feature request: https://github.com/firebase/firebase-tools/issues/new?template=feature_request.md

   We'd love to learn from you. Express your interest in helping us shape the future of Firebase Hosting: https://goo.gle/41enW5X

[debug] [2023-06-28T10:53:15.148Z] Error: Unable to find the next dep, try NPM installing?
    at getConfig (C:\Users\Povilas\AppData\Roaming\npm\node_modules\firebase-tools\lib\frameworks\next\index.js:382:19)
    at build (C:\Users\Povilas\AppData\Roaming\npm\node_modules\firebase-tools\lib\frameworks\next\index.js:62:65)
    at process.processTicksAndRejections (node:internal/process/task_queues:95:5)
    at async prepareFrameworks (C:\Users\Povilas\AppData\Roaming\npm\node_modules\firebase-tools\lib\frameworks\index.js:216:33)
    at async deploy (C:\Users\Povilas\AppData\Roaming\npm\node_modules\firebase-tools\lib\deploy\index.js:55:13)
[error] 
[error] Error: An unexpected error has occurred.
